<?xml version="1.0" encoding="UTF-8"?>
<testng-results ignored="0" total="2" passed="2" failed="0" skipped="0">
  <reporter-output>
  </reporter-output>
  <suite started-at="2018-05-27T08:44:29Z" name="Default suite" finished-at="2018-05-27T08:45:04Z" duration-ms="35033">
    <groups>
    </groups>
    <test started-at="2018-05-27T08:44:29Z" name="Default test" finished-at="2018-05-27T08:45:04Z" duration-ms="35033">
      <class name="testcases.TC001_LoginAndLogout">
        <test-method is-config="true" signature="beforeSuite()[pri:0, instance:testcases.TC001_LoginAndLogout@343570b7]" started-at="2018-05-27T14:14:28Z" name="beforeSuite" finished-at="2018-05-27T14:14:29Z" duration-ms="308" status="PASS">
          <reporter-output>
          </reporter-output>
        </test-method> <!-- beforeSuite -->
        <test-method is-config="true" signature="setData()[pri:0, instance:testcases.TC001_LoginAndLogout@343570b7]" started-at="2018-05-27T14:14:29Z" name="setData" finished-at="2018-05-27T14:14:29Z" duration-ms="0" status="PASS">
          <reporter-output>
          </reporter-output>
        </test-method> <!-- setData -->
        <test-method is-config="true" signature="beforeClass()[pri:0, instance:testcases.TC001_LoginAndLogout@343570b7]" started-at="2018-05-27T14:14:29Z" name="beforeClass" finished-at="2018-05-27T14:14:29Z" duration-ms="3" status="PASS">
          <reporter-output>
          </reporter-output>
        </test-method> <!-- beforeClass -->
        <test-method is-config="true" signature="beforeMethod()[pri:0, instance:testcases.TC001_LoginAndLogout@343570b7]" started-at="2018-05-27T14:14:30Z" name="beforeMethod" finished-at="2018-05-27T14:14:48Z" duration-ms="17991" status="PASS">
          <reporter-output>
          </reporter-output>
        </test-method> <!-- beforeMethod -->
        <test-method signature="loginAndLogout(java.lang.String, java.lang.String, java.lang.String)[pri:0, instance:testcases.TC001_LoginAndLogout@343570b7]" started-at="2018-05-27T14:14:48Z" name="loginAndLogout" data-provider="fetchData" finished-at="2018-05-27T14:14:52Z" duration-ms="4377" status="PASS">
          <params>
            <param index="0">
              <value>
                <![CDATA[DemoSalesManager]]>
              </value>
            </param>
            <param index="1">
              <value>
                <![CDATA[crmsfa]]>
              </value>
            </param>
            <param index="2">
              <value>
                <![CDATA[Demo Sales Manager]]>
              </value>
            </param>
          </params>
          <reporter-output>
          </reporter-output>
        </test-method> <!-- loginAndLogout -->
        <test-method is-config="true" signature="afterMethod()[pri:0, instance:testcases.TC001_LoginAndLogout@343570b7]" started-at="2018-05-27T14:14:52Z" name="afterMethod" finished-at="2018-05-27T14:14:53Z" duration-ms="657" status="PASS">
          <reporter-output>
          </reporter-output>
        </test-method> <!-- afterMethod -->
        <test-method is-config="true" signature="beforeMethod()[pri:0, instance:testcases.TC001_LoginAndLogout@343570b7]" started-at="2018-05-27T14:14:53Z" name="beforeMethod" finished-at="2018-05-27T14:14:59Z" duration-ms="6614" status="PASS">
          <reporter-output>
          </reporter-output>
        </test-method> <!-- beforeMethod -->
        <test-method signature="loginAndLogout(java.lang.String, java.lang.String, java.lang.String)[pri:0, instance:testcases.TC001_LoginAndLogout@343570b7]" started-at="2018-05-27T14:14:59Z" name="loginAndLogout" data-provider="fetchData" finished-at="2018-05-27T14:15:03Z" duration-ms="3794" status="PASS">
          <params>
            <param index="0">
              <value>
                <![CDATA[DemoCSR]]>
              </value>
            </param>
            <param index="1">
              <value>
                <![CDATA[crmsfa]]>
              </value>
            </param>
            <param index="2">
              <value>
                <![CDATA[Demo B2B CSR]]>
              </value>
            </param>
          </params>
          <reporter-output>
          </reporter-output>
        </test-method> <!-- loginAndLogout -->
        <test-method is-config="true" signature="afterMethod()[pri:0, instance:testcases.TC001_LoginAndLogout@343570b7]" started-at="2018-05-27T14:15:03Z" name="afterMethod" finished-at="2018-05-27T14:15:04Z" duration-ms="597" status="PASS">
          <reporter-output>
          </reporter-output>
        </test-method> <!-- afterMethod -->
        <test-method is-config="true" signature="afterTest()[pri:0, instance:testcases.TC001_LoginAndLogout@343570b7]" started-at="2018-05-27T14:15:04Z" name="afterTest" finished-at="2018-05-27T14:15:04Z" duration-ms="0" status="PASS">
          <reporter-output>
          </reporter-output>
        </test-method> <!-- afterTest -->
        <test-method is-config="true" signature="afterSuite()[pri:0, instance:testcases.TC001_LoginAndLogout@343570b7]" started-at="2018-05-27T14:15:04Z" name="afterSuite" finished-at="2018-05-27T14:15:04Z" duration-ms="440" status="PASS">
          <reporter-output>
          </reporter-output>
        </test-method> <!-- afterSuite -->
      </class> <!-- testcases.TC001_LoginAndLogout -->
    </test> <!-- Default test -->
  </suite> <!-- Default suite -->
</testng-results>
